2025-07-26 19:00:56,631 [ThreadPoolExecutor-0_1] INFO: Driver created with options for capabilities: {'id': '2', 'os': 'OS X', 'os_version': 'Monterey', 'browser': 'Safari', 'browser_version': 'latest', 'browserstack.user': 'sayantansadhu_EhpDRl', 'browserstack.key': 'ByJsndPijA2x75qod8DF', 'name': 'Parallel Test Example'}
2025-07-26 19:00:57,945 [ThreadPoolExecutor-0_0] INFO: Driver created with options for capabilities: {'id': '1', 'os': 'Windows', 'os_version': '10', 'browser': 'Chrome', 'browser_version': 'latest', 'browserstack.user': 'sayantansadhu_EhpDRl', 'browserstack.key': 'ByJsndPijA2x75qod8DF', 'name': 'Parallel Test Example'}
2025-07-26 19:01:05,005 [ThreadPoolExecutor-0_2] INFO: Driver created with options for capabilities: {'id': '3', 'device': 'Samsung Galaxy S22', 'real_mobile': True, 'os_version': '12.0', 'browserstack.user': 'sayantansadhu_EhpDRl', 'browserstack.key': 'ByJsndPijA2x75qod8DF', 'name': 'Parallel Test Example'}
2025-07-26 19:01:07,974 [ThreadPoolExecutor-0_3] INFO: Driver created with options for capabilities: {'id': '4', 'device': 'iPhone 13', 'real_mobile': True, 'os_version': '15', 'browserstack.user': 'sayantansadhu_EhpDRl', 'browserstack.key': 'ByJsndPijA2x75qod8DF', 'name': 'Parallel Test Example'}
2025-07-26 19:01:12,279 [ThreadPoolExecutor-0_4] INFO: Driver created with options for capabilities: {'id': '5', 'os': 'Windows', 'os_version': '11', 'browser': 'Firefox', 'browser_version': 'latest', 'browserstack.user': 'sayantansadhu_EhpDRl', 'browserstack.key': 'ByJsndPijA2x75qod8DF', 'name': 'Parallel Test Example'}
2025-07-26 19:01:12,924 [ThreadPoolExecutor-0_1] INFO: Test completed successfully for: {'id': '2', 'os': 'OS X', 'os_version': 'Monterey', 'browser': 'Safari', 'browser_version': 'latest', 'browserstack.user': 'sayantansadhu_EhpDRl', 'browserstack.key': 'ByJsndPijA2x75qod8DF', 'name': 'Parallel Test Example'}
2025-07-26 19:01:14,460 [ThreadPoolExecutor-0_1] INFO: Driver closed for: {'id': '2', 'os': 'OS X', 'os_version': 'Monterey', 'browser': 'Safari', 'browser_version': 'latest', 'browserstack.user': 'sayantansadhu_EhpDRl', 'browserstack.key': 'ByJsndPijA2x75qod8DF', 'name': 'Parallel Test Example'}
2025-07-26 19:01:14,460 [MainThread] INFO: Completed test for: {'id': '2', 'os': 'OS X', 'os_version': 'Monterey', 'browser': 'Safari', 'browser_version': 'latest'}
2025-07-26 19:01:30,535 [ThreadPoolExecutor-0_0] INFO: Test completed successfully for: {'id': '1', 'os': 'Windows', 'os_version': '10', 'browser': 'Chrome', 'browser_version': 'latest', 'browserstack.user': 'sayantansadhu_EhpDRl', 'browserstack.key': 'ByJsndPijA2x75qod8DF', 'name': 'Parallel Test Example'}
2025-07-26 19:01:30,824 [ThreadPoolExecutor-0_3] INFO: Test completed successfully for: {'id': '4', 'device': 'iPhone 13', 'real_mobile': True, 'os_version': '15', 'browserstack.user': 'sayantansadhu_EhpDRl', 'browserstack.key': 'ByJsndPijA2x75qod8DF', 'name': 'Parallel Test Example'}
2025-07-26 19:01:31,877 [ThreadPoolExecutor-0_0] INFO: Driver closed for: {'id': '1', 'os': 'Windows', 'os_version': '10', 'browser': 'Chrome', 'browser_version': 'latest', 'browserstack.user': 'sayantansadhu_EhpDRl', 'browserstack.key': 'ByJsndPijA2x75qod8DF', 'name': 'Parallel Test Example'}
2025-07-26 19:01:31,877 [MainThread] INFO: Completed test for: {'id': '1', 'os': 'Windows', 'os_version': '10', 'browser': 'Chrome', 'browser_version': 'latest'}
2025-07-26 19:01:32,142 [ThreadPoolExecutor-0_3] INFO: Driver closed for: {'id': '4', 'device': 'iPhone 13', 'real_mobile': True, 'os_version': '15', 'browserstack.user': 'sayantansadhu_EhpDRl', 'browserstack.key': 'ByJsndPijA2x75qod8DF', 'name': 'Parallel Test Example'}
2025-07-26 19:01:32,142 [MainThread] INFO: Completed test for: {'id': '4', 'device': 'iPhone 13', 'real_mobile': True, 'os_version': '15'}
2025-07-26 19:01:33,920 [ThreadPoolExecutor-0_4] INFO: Test completed successfully for: {'id': '5', 'os': 'Windows', 'os_version': '11', 'browser': 'Firefox', 'browser_version': 'latest', 'browserstack.user': 'sayantansadhu_EhpDRl', 'browserstack.key': 'ByJsndPijA2x75qod8DF', 'name': 'Parallel Test Example'}
2025-07-26 19:01:35,170 [ThreadPoolExecutor-0_4] INFO: Driver closed for: {'id': '5', 'os': 'Windows', 'os_version': '11', 'browser': 'Firefox', 'browser_version': 'latest', 'browserstack.user': 'sayantansadhu_EhpDRl', 'browserstack.key': 'ByJsndPijA2x75qod8DF', 'name': 'Parallel Test Example'}
2025-07-26 19:01:35,170 [MainThread] INFO: Completed test for: {'id': '5', 'os': 'Windows', 'os_version': '11', 'browser': 'Firefox', 'browser_version': 'latest'}
2025-07-26 19:01:37,190 [ThreadPoolExecutor-0_2] INFO: Test completed successfully for: {'id': '3', 'device': 'Samsung Galaxy S22', 'real_mobile': True, 'os_version': '12.0', 'browserstack.user': 'sayantansadhu_EhpDRl', 'browserstack.key': 'ByJsndPijA2x75qod8DF', 'name': 'Parallel Test Example'}
2025-07-26 19:01:38,517 [ThreadPoolExecutor-0_2] INFO: Driver closed for: {'id': '3', 'device': 'Samsung Galaxy S22', 'real_mobile': True, 'os_version': '12.0', 'browserstack.user': 'sayantansadhu_EhpDRl', 'browserstack.key': 'ByJsndPijA2x75qod8DF', 'name': 'Parallel Test Example'}
2025-07-26 19:01:38,517 [MainThread] INFO: Completed test for: {'id': '3', 'device': 'Samsung Galaxy S22', 'real_mobile': True, 'os_version': '12.0'}
